\BOOKMARK [1][-]{section.0.1}{Introduction}{}% 1
\BOOKMARK [1][-]{section.0.2}{Pr\351sentation du probl\350me.}{}% 2
\BOOKMARK [2][-]{subsection.0.2.1}{Parall\351lisme.}{section.0.2}% 3
\BOOKMARK [2][-]{subsection.0.2.2}{Ordonnancement.}{section.0.2}% 4
\BOOKMARK [2][-]{subsection.0.2.3}{Enonc\351 du P||C max}{section.0.2}% 5
\BOOKMARK [2][-]{subsection.0.2.4}{Probl\351matique}{section.0.2}% 6
\BOOKMARK [1][-]{section.0.3}{R\351soudre le probl\350me}{}% 7
\BOOKMARK [2][-]{subsection.0.3.1}{Notations utilis\351es}{section.0.3}% 8
\BOOKMARK [2][-]{subsection.0.3.2}{Heuristiques}{section.0.3}% 9
\BOOKMARK [3][-]{subsubsection.0.3.2.1}{Bas\351 LS \(List Scheduling\)}{subsection.0.3.2}% 10
\BOOKMARK [4][-]{section*.2}{LPT rule \(Graham et al., 1969\)}{subsubsection.0.3.2.1}% 11
\BOOKMARK [4][-]{section*.3}{LPT-REV \(Croce et al., 2018\)}{subsubsection.0.3.2.1}% 12
\BOOKMARK [3][-]{subsubsection.0.3.2.2}{Bas\351 Bin-Packing}{subsection.0.3.2}% 13
\BOOKMARK [4][-]{section*.4}{MULTIFIT}{subsubsection.0.3.2.2}% 14
\BOOKMARK [4][-]{section*.5}{COMBINE}{subsubsection.0.3.2.2}% 15
\BOOKMARK [4][-]{section*.6}{LISTFIT}{subsubsection.0.3.2.2}% 16
\BOOKMARK [3][-]{subsubsection.0.3.2.3}{Approche gloutonne}{subsection.0.3.2}% 17
\BOOKMARK [4][-]{section*.7}{SLACK \(Croce et al., 2018\)}{subsubsection.0.3.2.3}% 18
\BOOKMARK [2][-]{subsection.0.3.3}{Programmation lin\351aire}{section.0.3}% 19
\BOOKMARK [3][-]{section*.8}{PA \(Mokotoff\)}{subsection.0.3.3}% 20
\BOOKMARK [2][-]{subsection.0.3.4}{Approximation}{section.0.3}% 21
\BOOKMARK [3][-]{section*.9}{PTAS}{subsection.0.3.4}% 22
\BOOKMARK [2][-]{subsection.0.3.5}{Autres approches}{section.0.3}% 23
\BOOKMARK [1][-]{section.0.4}{Synth\350se}{}% 24
\BOOKMARK [1][-]{section.0.5}{Conclusion}{}% 25
